<?xml version="1.0" encoding="UTF-8"?>
<testng-results ignored="0" total="1" passed="1" failed="0" skipped="0">
  <reporter-output>
  </reporter-output>
  <suite started-at="2024-05-02T16:10:21 IST" name="Default suite" finished-at="2024-05-02T16:10:26 IST" duration-ms="5279">
    <groups>
    </groups>
    <test started-at="2024-05-02T16:10:21 IST" name="Default test" finished-at="2024-05-02T16:10:26 IST" duration-ms="5279">
      <class name="restful_booker_API_POJO_Impl.CreateBookingWithPojoImpl">
        <test-method is-config="true" signature="setUp()[pri:0, instance:restful_booker_API_POJO_Impl.CreateBookingWithPojoImpl@33ecda92]" started-at="2024-05-02T16:10:21 IST" name="setUp" finished-at="2024-05-02T16:10:22 IST" duration-ms="877" status="PASS">
          <reporter-output>
          </reporter-output>
        </test-method> <!-- setUp -->
        <test-method signature="CreateBooking()[pri:0, instance:restful_booker_API_POJO_Impl.CreateBookingWithPojoImpl@33ecda92]" started-at="2024-05-02T16:10:22 IST" name="CreateBooking" finished-at="2024-05-02T16:10:26 IST" duration-ms="4349" status="PASS">
          <reporter-output>
          </reporter-output>
        </test-method> <!-- CreateBooking -->
      </class> <!-- restful_booker_API_POJO_Impl.CreateBookingWithPojoImpl -->
    </test> <!-- Default test -->
  </suite> <!-- Default suite -->
</testng-results>
