<?xml version="1.0" encoding="UTF-8"?>
<testng-results ignored="0" total="2" passed="2" failed="0" skipped="0">
  <reporter-output>
  </reporter-output>
  <suite started-at="2024-01-14T13:18:34 IST" name="Default suite" finished-at="2024-01-14T13:18:34 IST" duration-ms="55">
    <groups>
    </groups>
    <test started-at="2024-01-14T13:18:34 IST" name="Default test" finished-at="2024-01-14T13:18:34 IST" duration-ms="55">
      <class name="SampleTest.DataProviderTest">
        <test-method signature="mulParamTest(java.lang.String,java.lang.String)[pri:0, instance:SampleTest.DataProviderTest@4b45a2f5]" started-at="2024-01-14T13:18:34 IST" name="mulParamTest" data-provider="getData" finished-at="2024-01-14T13:18:34 IST" duration-ms="8" status="PASS">
          <params>
            <param index="0">
              <value>
                <![CDATA[Ramya]]>
              </value>
            </param>
            <param index="1">
              <value>
                <![CDATA[ Level I ]]>
              </value>
            </param>
          </params>
          <reporter-output>
          </reporter-output>
        </test-method> <!-- mulParamTest -->
        <test-method signature="mulParamTest(java.lang.String,java.lang.String)[pri:0, instance:SampleTest.DataProviderTest@4b45a2f5]" started-at="2024-01-14T13:18:34 IST" name="mulParamTest" data-provider="getData" finished-at="2024-01-14T13:18:34 IST" duration-ms="2" status="PASS">
          <params>
            <param index="0">
              <value>
                <![CDATA[Ramya1]]>
              </value>
            </param>
            <param index="1">
              <value>
                <![CDATA[ Level II ]]>
              </value>
            </param>
          </params>
          <reporter-output>
          </reporter-output>
        </test-method> <!-- mulParamTest -->
      </class> <!-- SampleTest.DataProviderTest -->
    </test> <!-- Default test -->
  </suite> <!-- Default suite -->
</testng-results>
