<?xml version="1.0" encoding="UTF-8"?>
<!-- Generated by org.testng.reporters.JUnitXMLReporter -->
<testsuite ignored="1" hostname="LAPTOP-H8NLAOCC" failures="0" tests="12" name="TestI" time="0.115" errors="0" timestamp="2024-01-14T13:01:41 IST">
  <testcase classname="SampleTest.Test2" name="Test2testThreadPoolSize" time="0.035"/>
  <testcase classname="SampleTest.Test2" name="Test2testThreadPoolSize" time="0.035"/>
  <testcase classname="SampleTest.TestPractise" name="EditTest" time="0.035"/>
  <testcase classname="SampleTest.Test2" name="Test2testThreadPoolSize" time="0.002"/>
  <testcase classname="SampleTest.TestPractise" name="DeleteTest" time="0.004"/>
  <testcase classname="SampleTest.Test2" name="Test2testThreadPoolSize" time="0.007"/>
  <testcase classname="SampleTest.Test2" name="Test2testThreadPoolSize" time="0.004"/>
  <testcase classname="SampleTest.Test2" name="Test2testThreadPoolSize" time="0.001"/>
  <testcase classname="SampleTest.TestPractise" name="GeneralTest" time="0.004"/>
  <testcase classname="SampleTest.Test3" name="Test3test" time="0.003"/>
  <testcase classname="SampleTest.TestPractise" name="UpdateTest" time="0.003">
    <skipped/>
  </testcase> <!-- UpdateTest -->
  <testcase classname="SampleTest.TestPractise" name="dependendTest" time="0.002"/>
  <testcase classname="SampleTest.TestPractise" name="CreateTest" time="0.0">
    <ignored/>
  </testcase> <!-- CreateTest -->
</testsuite> <!-- TestI -->
